<?xml version="1.0" encoding="UTF-8"?>
<testsuite name="SILab2Test" tests="1" skipped="0" failures="0" errors="0" timestamp="2023-05-30T20:23:06" hostname="DESKTOP-TPE9BJO" time="0.026">
  <properties/>
  <testcase name="multipleConditionTest()" classname="SILab2Test" time="0.026"/>
  <system-out><![CDATA[]]></system-out>
  <system-err><![CDATA[]]></system-err>
</testsuite>
